[INFO] Scanning for projects...
[INFO] 
[INFO] ---------------------------< org.gb:billing >---------------------------
[INFO] Building billing 0.0.1-SNAPSHOT
[INFO]   from pom.xml
[INFO] --------------------------------[ jar ]---------------------------------
[INFO] 
[INFO] --- resources:3.3.1:resources (default-resources) @ billing ---
[INFO] Copying 3 resources from src\main\resources to target\classes
[INFO] Copying 7 resources from src\main\resources to target\classes
[INFO] 
[INFO] --- compiler:3.11.0:compile (default-compile) @ billing ---
[INFO] Changes detected - recompiling the module! :source
[INFO] Compiling 67 source files with javac [debug release 17] to target\classes
[INFO] ------------------------------------------------------------------------
[INFO] BUILD SUCCESS
[INFO] ------------------------------------------------------------------------
[INFO] Total time:  8.646 s
[INFO] Finished at: 2026-01-25T16:03:28+05:30
[INFO] ------------------------------------------------------------------------
